2026-03-13 10:45:01,379 - INFO - Demarrage du pipeline de traitement
2026-03-13 10:45:01,379 - INFO - Traitement du fichier : hQ4sdS8C.xls
2026-03-13 10:45:01,380 - INFO - Conversion XLS → CSV
2026-03-13 10:45:01,762 - INFO - Processor detecte : distribution_appel
2026-03-13 10:45:04,549 - INFO - Export CSV : output\distribution_appel_02-03-2026.csv
2026-03-13 10:45:04,549 - INFO - Export XLSX : output\distribution_appel_02-03-2026.xlsx
2026-03-13 10:45:04,549 - INFO - Lignes traitees : 1974
2026-03-13 10:45:04,549 - INFO - Traitement du fichier : hQ4uAUIC.xls
2026-03-13 10:45:04,550 - INFO - Conversion XLS → CSV
2026-03-13 10:45:05,588 - INFO - Processor detecte : distribution_etat_agent
2026-03-13 10:45:13,303 - INFO - Export CSV : output\distribution_etat_agent_02-03-2026.csv
2026-03-13 10:45:13,308 - INFO - Export XLSX : output\distribution_etat_agent_02-03-2026.xlsx
2026-03-13 10:45:13,308 - INFO - Lignes traitees : 13008
2026-03-13 10:45:13,308 - INFO - Traitement du fichier : hRNsb8MC.xls
2026-03-13 10:45:13,308 - INFO - Conversion XLS → CSV
2026-03-13 10:45:14,376 - INFO - Processor detecte : distribution_etat_agent
2026-03-13 10:45:21,350 - INFO - Export CSV : output\distribution_etat_agent_01-08-2025.csv
2026-03-13 10:45:21,350 - INFO - Export XLSX : output\distribution_etat_agent_01-08-2025.xlsx
2026-03-13 10:45:21,350 - INFO - Lignes traitees : 11808
2026-03-13 10:45:21,350 - INFO - Traitement du fichier : hRNt8-cC.xls
2026-03-13 10:45:21,350 - INFO - Conversion XLS → CSV
2026-03-13 10:45:21,618 - INFO - Processor detecte : distribution_appel
2026-03-13 10:45:23,633 - INFO - Export CSV : output\distribution_appel_10-03-2026.csv
2026-03-13 10:45:23,633 - INFO - Export XLSX : output\distribution_appel_10-03-2026.xlsx
2026-03-13 10:45:23,633 - INFO - Lignes traitees : 1822
2026-03-13 10:45:23,634 - INFO - Traitement du fichier : hRNtg9UC.xls
2026-03-13 10:45:23,635 - INFO - Conversion XLS → CSV
2026-03-13 10:45:25,648 - INFO - Processor detecte : distribution_etat_agent
2026-03-13 10:45:34,707 - INFO - Export CSV : output\distribution_etat_agent_11-03-2026.csv
2026-03-13 10:45:34,707 - INFO - Export XLSX : output\distribution_etat_agent_11-03-2026.xlsx
2026-03-13 10:45:34,707 - INFO - Lignes traitees : 13824
2026-03-13 12:22:04,398 - INFO - Demarrage du pipeline de traitement
2026-03-13 12:22:04,571 - INFO - Traitement du fichier : hQ4sdS8C.xls
2026-03-13 12:22:04,576 - INFO - Conversion XLS → CSV
2026-03-13 12:22:05,220 - INFO - Processor detecte : distribution_appel
2026-03-13 12:22:07,886 - INFO - Export CSV : output\distribution_appel_02-03-2026.csv
2026-03-13 12:22:07,886 - INFO - Export XLSX : output\distribution_appel_02-03-2026.xlsx
2026-03-13 12:22:07,886 - INFO - Lignes traitees : 1974
2026-03-13 12:22:07,887 - INFO - Traitement du fichier : hQ4uAUIC.xls
2026-03-13 12:22:07,888 - INFO - Conversion XLS → CSV
2026-03-13 12:22:09,172 - INFO - Processor detecte : distribution_etat_agent
2026-03-13 12:22:15,983 - INFO - Export CSV : output\distribution_etat_agent_02-03-2026.csv
2026-03-13 12:22:15,983 - INFO - Export XLSX : output\distribution_etat_agent_02-03-2026.xlsx
2026-03-13 12:22:15,984 - INFO - Lignes traitees : 13008
2026-03-13 12:22:15,984 - INFO - Traitement du fichier : hRNsb8MC.xls
2026-03-13 12:22:15,985 - INFO - Conversion XLS → CSV
2026-03-13 12:22:16,879 - INFO - Processor detecte : distribution_etat_agent
2026-03-13 12:22:22,961 - INFO - Export CSV : output\distribution_etat_agent_01-08-2025.csv
2026-03-13 12:22:22,961 - INFO - Export XLSX : output\distribution_etat_agent_01-08-2025.xlsx
2026-03-13 12:22:22,962 - INFO - Lignes traitees : 11808
2026-03-13 12:22:22,964 - INFO - Traitement du fichier : hRNt8-cC.xls
2026-03-13 12:22:22,965 - INFO - Conversion XLS → CSV
2026-03-13 12:22:23,210 - INFO - Processor detecte : distribution_appel
2026-03-13 12:22:24,631 - INFO - Export CSV : output\distribution_appel_10-03-2026.csv
2026-03-13 12:22:24,631 - INFO - Export XLSX : output\distribution_appel_10-03-2026.xlsx
2026-03-13 12:22:24,632 - INFO - Lignes traitees : 1822
2026-03-13 12:22:24,633 - INFO - Traitement du fichier : hRNtg9UC.xls
2026-03-13 12:22:24,633 - INFO - Conversion XLS → CSV
2026-03-13 12:22:25,923 - INFO - Processor detecte : distribution_etat_agent
2026-03-13 12:22:33,851 - INFO - Export CSV : output\distribution_etat_agent_11-03-2026.csv
2026-03-13 12:22:33,851 - INFO - Export XLSX : output\distribution_etat_agent_11-03-2026.xlsx
2026-03-13 12:22:33,852 - INFO - Lignes traitees : 13824
2026-03-16 11:07:54,481 - INFO - Demarrage du pipeline de traitement
2026-03-16 11:07:54,483 - INFO - Traitement du fichier : hQ4sdS8C.xls
2026-03-16 11:07:54,484 - INFO - Conversion XLS → CSV
2026-03-16 11:07:54,797 - INFO - Processor detecte : distribution_appel
2026-03-16 11:07:56,812 - INFO - Export CSV : output\distribution_appel_02-03-2026.csv
2026-03-16 11:07:56,812 - INFO - Export XLSX : output\distribution_appel_02-03-2026.xlsx
2026-03-16 11:07:56,812 - INFO - Lignes traitees : 1974
2026-03-16 11:07:56,813 - INFO - Traitement du fichier : hQ4uAUIC.xls
2026-03-16 11:07:56,813 - INFO - Conversion XLS → CSV
2026-03-16 11:07:57,710 - INFO - Processor detecte : distribution_etat_agent
2026-03-16 11:08:04,493 - INFO - Export CSV : output\distribution_etat_agent_02-03-2026.csv
2026-03-16 11:08:04,493 - INFO - Export XLSX : output\distribution_etat_agent_02-03-2026.xlsx
2026-03-16 11:08:04,494 - INFO - Lignes traitees : 13008
2026-03-16 11:08:04,513 - INFO - Traitement du fichier : hRNsb8MC.xls
2026-03-16 11:08:04,514 - INFO - Conversion XLS → CSV
2026-03-16 11:08:05,399 - INFO - Processor detecte : distribution_etat_agent
2026-03-16 11:08:11,552 - INFO - Export CSV : output\distribution_etat_agent_01-08-2025.csv
2026-03-16 11:08:11,553 - INFO - Export XLSX : output\distribution_etat_agent_01-08-2025.xlsx
2026-03-16 11:08:11,553 - INFO - Lignes traitees : 11808
2026-03-16 11:08:11,553 - INFO - Traitement du fichier : hRNt8-cC.xls
2026-03-16 11:08:11,554 - INFO - Conversion XLS → CSV
2026-03-16 11:08:11,783 - INFO - Processor detecte : distribution_appel
2026-03-16 11:08:13,201 - INFO - Export CSV : output\distribution_appel_10-03-2026.csv
2026-03-16 11:08:13,201 - INFO - Export XLSX : output\distribution_appel_10-03-2026.xlsx
2026-03-16 11:08:13,202 - INFO - Lignes traitees : 1822
2026-03-16 11:08:13,202 - INFO - Traitement du fichier : hRNtg9UC.xls
2026-03-16 11:08:13,203 - INFO - Conversion XLS → CSV
2026-03-16 11:08:14,117 - INFO - Processor detecte : distribution_etat_agent
2026-03-16 11:08:21,355 - INFO - Export CSV : output\distribution_etat_agent_11-03-2026.csv
2026-03-16 11:08:21,355 - INFO - Export XLSX : output\distribution_etat_agent_11-03-2026.xlsx
2026-03-16 11:08:21,356 - INFO - Lignes traitees : 13824
2026-03-16 11:32:01,749 - INFO - Demarrage du pipeline de traitement
2026-03-16 11:34:28,913 - INFO - Demarrage du pipeline de traitement
2026-03-16 11:34:28,918 - INFO - Traitement du fichier : hSeERIEC.xls
2026-03-16 11:34:28,919 - INFO - Conversion XLS → CSV
2026-03-16 11:34:29,261 - INFO - Processor detecte : distribution_etat_agent
2026-03-16 11:34:31,570 - INFO - Export CSV : output\distribution_etat_agent_15-03-2026.csv
2026-03-16 11:34:31,571 - INFO - Export XLSX : output\distribution_etat_agent_15-03-2026.xlsx
2026-03-16 11:34:31,571 - INFO - Lignes traitees : 3312
